<?xml version="1.0" encoding="UTF-8"?>
<testsuite name="io.github.benkoff.webrtcss.controller.MainControllerTest" tests="8" skipped="0" failures="0" errors="0" timestamp="2023-02-22T05:11:02" hostname="DESKTOP-INAO5CQ" time="0.837">
  <properties/>
  <testcase name="shouldAddRoomWithNumberSelected_whenProcessRoomSelection" classname="io.github.benkoff.webrtcss.controller.MainControllerTest" time="0.54"/>
  <testcase name="shouldReturnChatRoomOk_whenDisplaySelectedRoom_withHost" classname="io.github.benkoff.webrtcss.controller.MainControllerTest" time="0.057"/>
  <testcase name="shouldReturnStreamViewStatusOk_whenDisplaySampleSdpOffer" classname="io.github.benkoff.webrtcss.controller.MainControllerTest" time="0.017"/>
  <testcase name="shouldReturnMainViewStatusOk_whenDisplayMainPage" classname="io.github.benkoff.webrtcss.controller.MainControllerTest" time="0.016"/>
  <testcase name="shouldReturnStreamViewStatusOk_whenDisplaySampleStreaming" classname="io.github.benkoff.webrtcss.controller.MainControllerTest" time="0.009"/>
  <testcase name="shouldReturnMainViewStatusOk_whenRequestRandomRoomNumber" classname="io.github.benkoff.webrtcss.controller.MainControllerTest" time="0.141"/>
  <testcase name="shouldReturnChatRoomOk_whenDisplaySelectedRoom_paramsOk" classname="io.github.benkoff.webrtcss.controller.MainControllerTest" time="0.027"/>
  <testcase name="shouldRedirect_whenDisplaySelectedRoom_withInvalidRoom" classname="io.github.benkoff.webrtcss.controller.MainControllerTest" time="0.023"/>
  <system-out><![CDATA[2023-02-22 14:11:02.341  INFO 6492 --- [    Test worker] .b.t.c.SpringBootTestContextBootstrapper : Neither @ContextConfiguration nor @ContextHierarchy found for test class [io.github.benkoff.webrtcss.controller.MainControllerTest], using SpringBootContextLoader
2023-02-22 14:11:02.342  INFO 6492 --- [    Test worker] o.s.t.c.support.AbstractContextLoader    : Could not detect default resource locations for test class [io.github.benkoff.webrtcss.controller.MainControllerTest]: no resource found for suffixes {-context.xml, Context.groovy}.
2023-02-22 14:11:02.343  INFO 6492 --- [    Test worker] t.c.s.AnnotationConfigContextLoaderUtils : Could not detect default configuration classes for test class [io.github.benkoff.webrtcss.controller.MainControllerTest]: MainControllerTest does not declare any static, non-private, non-final, nested classes annotated with @Configuration.
2023-02-22 14:11:02.360  INFO 6492 --- [    Test worker] .b.t.c.SpringBootTestContextBootstrapper : Found @SpringBootConfiguration io.github.benkoff.webrtcss.Application for test class io.github.benkoff.webrtcss.controller.MainControllerTest
2023-02-22 14:11:02.363  INFO 6492 --- [    Test worker] .b.t.c.SpringBootTestContextBootstrapper : Loaded default TestExecutionListener class names from location [META-INF/spring.factories]: [org.springframework.boot.test.autoconfigure.restdocs.RestDocsTestExecutionListener, org.springframework.boot.test.autoconfigure.web.client.MockRestServiceServerResetTestExecutionListener, org.springframework.boot.test.autoconfigure.web.servlet.MockMvcPrintOnlyOnFailureTestExecutionListener, org.springframework.boot.test.autoconfigure.web.servlet.WebDriverTestExecutionListener, org.springframework.boot.test.mock.mockito.MockitoTestExecutionListener, org.springframework.boot.test.mock.mockito.ResetMocksTestExecutionListener, org.springframework.test.context.web.ServletTestExecutionListener, org.springframework.test.context.support.DirtiesContextBeforeModesTestExecutionListener, org.springframework.test.context.support.DependencyInjectionTestExecutionListener, org.springframework.test.context.support.DirtiesContextTestExecutionListener, org.springframework.test.context.transaction.TransactionalTestExecutionListener, org.springframework.test.context.jdbc.SqlScriptsTestExecutionListener]
2023-02-22 14:11:02.365  INFO 6492 --- [    Test worker] .b.t.c.SpringBootTestContextBootstrapper : Using TestExecutionListeners: [org.springframework.test.context.web.ServletTestExecutionListener@286388b5, org.springframework.test.context.support.DirtiesContextBeforeModesTestExecutionListener@7853e20, org.springframework.boot.test.mock.mockito.MockitoTestExecutionListener@3c9f2d5, org.springframework.boot.test.autoconfigure.SpringBootDependencyInjectionTestExecutionListener@26d2fe45, org.springframework.test.context.support.DirtiesContextTestExecutionListener@12c0ec0a, org.springframework.boot.test.autoconfigure.restdocs.RestDocsTestExecutionListener@3c1ab44c, org.springframework.boot.test.autoconfigure.web.client.MockRestServiceServerResetTestExecutionListener@7009b640, org.springframework.boot.test.autoconfigure.web.servlet.MockMvcPrintOnlyOnFailureTestExecutionListener@41184ed2, org.springframework.boot.test.autoconfigure.web.servlet.WebDriverTestExecutionListener@542d5a47, org.springframework.boot.test.mock.mockito.ResetMocksTestExecutionListener@3d7c2c5a]
2023-02-22 14:11:02.382  INFO 6492 --- [    Test worker] o.s.b.t.m.w.SpringBootMockServletContext : Initializing Spring FrameworkServlet ''
2023-02-22 14:11:02.382  INFO 6492 --- [    Test worker] o.s.t.web.servlet.TestDispatcherServlet  : FrameworkServlet '': initialization started
2023-02-22 14:11:02.396  INFO 6492 --- [    Test worker] o.s.t.web.servlet.TestDispatcherServlet  : FrameworkServlet '': initialization completed in 14 ms
2023-02-22 14:11:02.912  INFO 6492 --- [    Test worker] o.s.b.t.m.w.SpringBootMockServletContext : Initializing Spring FrameworkServlet ''
2023-02-22 14:11:02.912  INFO 6492 --- [    Test worker] o.s.t.web.servlet.TestDispatcherServlet  : FrameworkServlet '': initialization started
2023-02-22 14:11:02.914  INFO 6492 --- [    Test worker] o.s.t.web.servlet.TestDispatcherServlet  : FrameworkServlet '': initialization completed in 2 ms
2023-02-22 14:11:02.927 DEBUG 6492 --- [    Test worker] i.g.b.webrtcss.service.MainServiceImpl   : User b3fa5a2b-cbe5-4b03-8cc3-fbbb7109b025 is going to join Room #33
2023-02-22 14:11:02.970  INFO 6492 --- [    Test worker] o.s.b.t.m.w.SpringBootMockServletContext : Initializing Spring FrameworkServlet ''
2023-02-22 14:11:02.970  INFO 6492 --- [    Test worker] o.s.t.web.servlet.TestDispatcherServlet  : FrameworkServlet '': initialization started
2023-02-22 14:11:02.974  INFO 6492 --- [    Test worker] o.s.t.web.servlet.TestDispatcherServlet  : FrameworkServlet '': initialization completed in 4 ms
2023-02-22 14:11:02.988  INFO 6492 --- [    Test worker] o.s.b.t.m.w.SpringBootMockServletContext : Initializing Spring FrameworkServlet ''
2023-02-22 14:11:02.989  INFO 6492 --- [    Test worker] o.s.t.web.servlet.TestDispatcherServlet  : FrameworkServlet '': initialization started
2023-02-22 14:11:02.992  INFO 6492 --- [    Test worker] o.s.t.web.servlet.TestDispatcherServlet  : FrameworkServlet '': initialization completed in 3 ms
2023-02-22 14:11:03.005  INFO 6492 --- [    Test worker] o.s.b.t.m.w.SpringBootMockServletContext : Initializing Spring FrameworkServlet ''
2023-02-22 14:11:03.005  INFO 6492 --- [    Test worker] o.s.t.web.servlet.TestDispatcherServlet  : FrameworkServlet '': initialization started
2023-02-22 14:11:03.007  INFO 6492 --- [    Test worker] o.s.t.web.servlet.TestDispatcherServlet  : FrameworkServlet '': initialization completed in 2 ms
2023-02-22 14:11:03.014  INFO 6492 --- [    Test worker] o.s.t.c.junit4.statements.SpringRepeat   : Repetition 1 of test MainControllerTest#shouldReturnMainViewStatusOk_whenRequestRandomRoomNumber()
2023-02-22 14:11:03.016  INFO 6492 --- [    Test worker] o.s.b.t.m.w.SpringBootMockServletContext : Initializing Spring FrameworkServlet ''
2023-02-22 14:11:03.016  INFO 6492 --- [    Test worker] o.s.t.web.servlet.TestDispatcherServlet  : FrameworkServlet '': initialization started
2023-02-22 14:11:03.018  INFO 6492 --- [    Test worker] o.s.t.web.servlet.TestDispatcherServlet  : FrameworkServlet '': initialization completed in 2 ms
2023-02-22 14:11:03.028  INFO 6492 --- [    Test worker] o.s.t.c.junit4.statements.SpringRepeat   : Repetition 2 of test MainControllerTest#shouldReturnMainViewStatusOk_whenRequestRandomRoomNumber()
2023-02-22 14:11:03.031  INFO 6492 --- [    Test worker] o.s.b.t.m.w.SpringBootMockServletContext : Initializing Spring FrameworkServlet ''
2023-02-22 14:11:03.032  INFO 6492 --- [    Test worker] o.s.t.web.servlet.TestDispatcherServlet  : FrameworkServlet '': initialization started
2023-02-22 14:11:03.034  INFO 6492 --- [    Test worker] o.s.t.web.servlet.TestDispatcherServlet  : FrameworkServlet '': initialization completed in 2 ms
2023-02-22 14:11:03.045  INFO 6492 --- [    Test worker] o.s.t.c.junit4.statements.SpringRepeat   : Repetition 3 of test MainControllerTest#shouldReturnMainViewStatusOk_whenRequestRandomRoomNumber()
2023-02-22 14:11:03.048  INFO 6492 --- [    Test worker] o.s.b.t.m.w.SpringBootMockServletContext : Initializing Spring FrameworkServlet ''
2023-02-22 14:11:03.048  INFO 6492 --- [    Test worker] o.s.t.web.servlet.TestDispatcherServlet  : FrameworkServlet '': initialization started
2023-02-22 14:11:03.052  INFO 6492 --- [    Test worker] o.s.t.web.servlet.TestDispatcherServlet  : FrameworkServlet '': initialization completed in 4 ms
2023-02-22 14:11:03.063  INFO 6492 --- [    Test worker] o.s.t.c.junit4.statements.SpringRepeat   : Repetition 4 of test MainControllerTest#shouldReturnMainViewStatusOk_whenRequestRandomRoomNumber()
2023-02-22 14:11:03.066  INFO 6492 --- [    Test worker] o.s.b.t.m.w.SpringBootMockServletContext : Initializing Spring FrameworkServlet ''
2023-02-22 14:11:03.067  INFO 6492 --- [    Test worker] o.s.t.web.servlet.TestDispatcherServlet  : FrameworkServlet '': initialization started
2023-02-22 14:11:03.069  INFO 6492 --- [    Test worker] o.s.t.web.servlet.TestDispatcherServlet  : FrameworkServlet '': initialization completed in 2 ms
2023-02-22 14:11:03.078  INFO 6492 --- [    Test worker] o.s.t.c.junit4.statements.SpringRepeat   : Repetition 5 of test MainControllerTest#shouldReturnMainViewStatusOk_whenRequestRandomRoomNumber()
2023-02-22 14:11:03.081  INFO 6492 --- [    Test worker] o.s.b.t.m.w.SpringBootMockServletContext : Initializing Spring FrameworkServlet ''
2023-02-22 14:11:03.081  INFO 6492 --- [    Test worker] o.s.t.web.servlet.TestDispatcherServlet  : FrameworkServlet '': initialization started
2023-02-22 14:11:03.083  INFO 6492 --- [    Test worker] o.s.t.web.servlet.TestDispatcherServlet  : FrameworkServlet '': initialization completed in 2 ms
2023-02-22 14:11:03.091  INFO 6492 --- [    Test worker] o.s.t.c.junit4.statements.SpringRepeat   : Repetition 6 of test MainControllerTest#shouldReturnMainViewStatusOk_whenRequestRandomRoomNumber()
2023-02-22 14:11:03.093  INFO 6492 --- [    Test worker] o.s.b.t.m.w.SpringBootMockServletContext : Initializing Spring FrameworkServlet ''
2023-02-22 14:11:03.093  INFO 6492 --- [    Test worker] o.s.t.web.servlet.TestDispatcherServlet  : FrameworkServlet '': initialization started
2023-02-22 14:11:03.096  INFO 6492 --- [    Test worker] o.s.t.web.servlet.TestDispatcherServlet  : FrameworkServlet '': initialization completed in 3 ms
2023-02-22 14:11:03.104  INFO 6492 --- [    Test worker] o.s.t.c.junit4.statements.SpringRepeat   : Repetition 7 of test MainControllerTest#shouldReturnMainViewStatusOk_whenRequestRandomRoomNumber()
2023-02-22 14:11:03.106  INFO 6492 --- [    Test worker] o.s.b.t.m.w.SpringBootMockServletContext : Initializing Spring FrameworkServlet ''
2023-02-22 14:11:03.106  INFO 6492 --- [    Test worker] o.s.t.web.servlet.TestDispatcherServlet  : FrameworkServlet '': initialization started
2023-02-22 14:11:03.107  INFO 6492 --- [    Test worker] o.s.t.web.servlet.TestDispatcherServlet  : FrameworkServlet '': initialization completed in 1 ms
2023-02-22 14:11:03.115  INFO 6492 --- [    Test worker] o.s.t.c.junit4.statements.SpringRepeat   : Repetition 8 of test MainControllerTest#shouldReturnMainViewStatusOk_whenRequestRandomRoomNumber()
2023-02-22 14:11:03.117  INFO 6492 --- [    Test worker] o.s.b.t.m.w.SpringBootMockServletContext : Initializing Spring FrameworkServlet ''
2023-02-22 14:11:03.117  INFO 6492 --- [    Test worker] o.s.t.web.servlet.TestDispatcherServlet  : FrameworkServlet '': initialization started
2023-02-22 14:11:03.119  INFO 6492 --- [    Test worker] o.s.t.web.servlet.TestDispatcherServlet  : FrameworkServlet '': initialization completed in 2 ms
2023-02-22 14:11:03.127  INFO 6492 --- [    Test worker] o.s.t.c.junit4.statements.SpringRepeat   : Repetition 9 of test MainControllerTest#shouldReturnMainViewStatusOk_whenRequestRandomRoomNumber()
2023-02-22 14:11:03.128  INFO 6492 --- [    Test worker] o.s.b.t.m.w.SpringBootMockServletContext : Initializing Spring FrameworkServlet ''
2023-02-22 14:11:03.129  INFO 6492 --- [    Test worker] o.s.t.web.servlet.TestDispatcherServlet  : FrameworkServlet '': initialization started
2023-02-22 14:11:03.131  INFO 6492 --- [    Test worker] o.s.t.web.servlet.TestDispatcherServlet  : FrameworkServlet '': initialization completed in 2 ms
2023-02-22 14:11:03.138  INFO 6492 --- [    Test worker] o.s.t.c.junit4.statements.SpringRepeat   : Repetition 10 of test MainControllerTest#shouldReturnMainViewStatusOk_whenRequestRandomRoomNumber()
2023-02-22 14:11:03.140  INFO 6492 --- [    Test worker] o.s.b.t.m.w.SpringBootMockServletContext : Initializing Spring FrameworkServlet ''
2023-02-22 14:11:03.141  INFO 6492 --- [    Test worker] o.s.t.web.servlet.TestDispatcherServlet  : FrameworkServlet '': initialization started
2023-02-22 14:11:03.143  INFO 6492 --- [    Test worker] o.s.t.web.servlet.TestDispatcherServlet  : FrameworkServlet '': initialization completed in 2 ms
2023-02-22 14:11:03.158  INFO 6492 --- [    Test worker] o.s.b.t.m.w.SpringBootMockServletContext : Initializing Spring FrameworkServlet ''
2023-02-22 14:11:03.158  INFO 6492 --- [    Test worker] o.s.t.web.servlet.TestDispatcherServlet  : FrameworkServlet '': initialization started
2023-02-22 14:11:03.162  INFO 6492 --- [    Test worker] o.s.t.web.servlet.TestDispatcherServlet  : FrameworkServlet '': initialization completed in 4 ms
2023-02-22 14:11:03.170 DEBUG 6492 --- [    Test worker] i.g.b.webrtcss.service.MainServiceImpl   : User 38c58f2e-6b0b-4ee6-91a3-00c853705f8f is going to join Room #33
2023-02-22 14:11:03.185  INFO 6492 --- [    Test worker] o.s.b.t.m.w.SpringBootMockServletContext : Initializing Spring FrameworkServlet ''
2023-02-22 14:11:03.185  INFO 6492 --- [    Test worker] o.s.t.web.servlet.TestDispatcherServlet  : FrameworkServlet '': initialization started
2023-02-22 14:11:03.188  INFO 6492 --- [    Test worker] o.s.t.web.servlet.TestDispatcherServlet  : FrameworkServlet '': initialization completed in 3 ms
]]></system-out>
  <system-err><![CDATA[]]></system-err>
</testsuite>
