<?xml version="1.0" encoding="UTF-8"?>
<testsuite name="io.github.benkoff.webrtcss.service.RoomServiceTest" tests="1" skipped="0" failures="0" errors="0" timestamp="2023-02-22T05:11:03" hostname="DESKTOP-INAO5CQ" time="0.103">
  <properties/>
  <testcase name="shouldReturnRoom_whenFindRoomByStringId" classname="io.github.benkoff.webrtcss.service.RoomServiceTest" time="0.103"/>
  <system-out><![CDATA[2023-02-22 14:11:03.207  INFO 6492 --- [    Test worker] .b.t.c.SpringBootTestContextBootstrapper : Neither @ContextConfiguration nor @ContextHierarchy found for test class [io.github.benkoff.webrtcss.service.RoomServiceTest], using SpringBootContextLoader
2023-02-22 14:11:03.209  INFO 6492 --- [    Test worker] o.s.t.c.support.AbstractContextLoader    : Could not detect default resource locations for test class [io.github.benkoff.webrtcss.service.RoomServiceTest]: no resource found for suffixes {-context.xml, Context.groovy}.
2023-02-22 14:11:03.209  INFO 6492 --- [    Test worker] t.c.s.AnnotationConfigContextLoaderUtils : Could not detect default configuration classes for test class [io.github.benkoff.webrtcss.service.RoomServiceTest]: RoomServiceTest does not declare any static, non-private, non-final, nested classes annotated with @Configuration.
2023-02-22 14:11:03.222  INFO 6492 --- [    Test worker] .b.t.c.SpringBootTestContextBootstrapper : Found @SpringBootConfiguration io.github.benkoff.webrtcss.Application for test class io.github.benkoff.webrtcss.service.RoomServiceTest
2023-02-22 14:11:03.225  INFO 6492 --- [    Test worker] .b.t.c.SpringBootTestContextBootstrapper : Loaded default TestExecutionListener class names from location [META-INF/spring.factories]: [org.springframework.boot.test.autoconfigure.restdocs.RestDocsTestExecutionListener, org.springframework.boot.test.autoconfigure.web.client.MockRestServiceServerResetTestExecutionListener, org.springframework.boot.test.autoconfigure.web.servlet.MockMvcPrintOnlyOnFailureTestExecutionListener, org.springframework.boot.test.autoconfigure.web.servlet.WebDriverTestExecutionListener, org.springframework.boot.test.mock.mockito.MockitoTestExecutionListener, org.springframework.boot.test.mock.mockito.ResetMocksTestExecutionListener, org.springframework.test.context.web.ServletTestExecutionListener, org.springframework.test.context.support.DirtiesContextBeforeModesTestExecutionListener, org.springframework.test.context.support.DependencyInjectionTestExecutionListener, org.springframework.test.context.support.DirtiesContextTestExecutionListener, org.springframework.test.context.transaction.TransactionalTestExecutionListener, org.springframework.test.context.jdbc.SqlScriptsTestExecutionListener]
2023-02-22 14:11:03.227  INFO 6492 --- [    Test worker] .b.t.c.SpringBootTestContextBootstrapper : Using TestExecutionListeners: [org.springframework.test.context.web.ServletTestExecutionListener@680d9e23, org.springframework.test.context.support.DirtiesContextBeforeModesTestExecutionListener@2fc7a582, org.springframework.boot.test.mock.mockito.MockitoTestExecutionListener@51306388, org.springframework.boot.test.autoconfigure.SpringBootDependencyInjectionTestExecutionListener@25826b43, org.springframework.test.context.support.DirtiesContextTestExecutionListener@21fa0556, org.springframework.boot.test.autoconfigure.restdocs.RestDocsTestExecutionListener@33835f5e, org.springframework.boot.test.autoconfigure.web.client.MockRestServiceServerResetTestExecutionListener@61fd4685, org.springframework.boot.test.autoconfigure.web.servlet.MockMvcPrintOnlyOnFailureTestExecutionListener@5793f18a, org.springframework.boot.test.autoconfigure.web.servlet.WebDriverTestExecutionListener@26b29e9b, org.springframework.boot.test.mock.mockito.ResetMocksTestExecutionListener@f625cbc]
]]></system-out>
  <system-err><![CDATA[]]></system-err>
</testsuite>
