<?xml version="1.0" encoding="UTF-8"?>
<testsuite name="io.github.benkoff.webrtcss.socket.SignalHandlerTest" tests="1" skipped="0" failures="0" errors="0" timestamp="2023-02-22T05:11:03" hostname="DESKTOP-INAO5CQ" time="0.597">
  <properties/>
  <testcase name="shouldRemoveClient_whenConnectionClosed" classname="io.github.benkoff.webrtcss.socket.SignalHandlerTest" time="0.597"/>
  <system-out><![CDATA[2023-02-22 14:11:03.337  INFO 6492 --- [    Test worker] .b.t.c.SpringBootTestContextBootstrapper : Neither @ContextConfiguration nor @ContextHierarchy found for test class [io.github.benkoff.webrtcss.socket.SignalHandlerTest], using SpringBootContextLoader
2023-02-22 14:11:03.338  INFO 6492 --- [    Test worker] o.s.t.c.support.AbstractContextLoader    : Could not detect default resource locations for test class [io.github.benkoff.webrtcss.socket.SignalHandlerTest]: no resource found for suffixes {-context.xml, Context.groovy}.
2023-02-22 14:11:03.338  INFO 6492 --- [    Test worker] t.c.s.AnnotationConfigContextLoaderUtils : Could not detect default configuration classes for test class [io.github.benkoff.webrtcss.socket.SignalHandlerTest]: SignalHandlerTest does not declare any static, non-private, non-final, nested classes annotated with @Configuration.
2023-02-22 14:11:03.349  INFO 6492 --- [    Test worker] .b.t.c.SpringBootTestContextBootstrapper : Found @SpringBootConfiguration io.github.benkoff.webrtcss.Application for test class io.github.benkoff.webrtcss.socket.SignalHandlerTest
2023-02-22 14:11:03.352  INFO 6492 --- [    Test worker] .b.t.c.SpringBootTestContextBootstrapper : Loaded default TestExecutionListener class names from location [META-INF/spring.factories]: [org.springframework.boot.test.autoconfigure.restdocs.RestDocsTestExecutionListener, org.springframework.boot.test.autoconfigure.web.client.MockRestServiceServerResetTestExecutionListener, org.springframework.boot.test.autoconfigure.web.servlet.MockMvcPrintOnlyOnFailureTestExecutionListener, org.springframework.boot.test.autoconfigure.web.servlet.WebDriverTestExecutionListener, org.springframework.boot.test.mock.mockito.MockitoTestExecutionListener, org.springframework.boot.test.mock.mockito.ResetMocksTestExecutionListener, org.springframework.test.context.web.ServletTestExecutionListener, org.springframework.test.context.support.DirtiesContextBeforeModesTestExecutionListener, org.springframework.test.context.support.DependencyInjectionTestExecutionListener, org.springframework.test.context.support.DirtiesContextTestExecutionListener, org.springframework.test.context.transaction.TransactionalTestExecutionListener, org.springframework.test.context.jdbc.SqlScriptsTestExecutionListener]
2023-02-22 14:11:03.354  INFO 6492 --- [    Test worker] .b.t.c.SpringBootTestContextBootstrapper : Using TestExecutionListeners: [org.springframework.test.context.web.ServletTestExecutionListener@243b1943, org.springframework.test.context.support.DirtiesContextBeforeModesTestExecutionListener@262766fa, org.springframework.boot.test.mock.mockito.MockitoTestExecutionListener@2065e940, org.springframework.boot.test.autoconfigure.SpringBootDependencyInjectionTestExecutionListener@5fae8f22, org.springframework.test.context.support.DirtiesContextTestExecutionListener@23237495, org.springframework.boot.test.autoconfigure.restdocs.RestDocsTestExecutionListener@3e2ed6bd, org.springframework.boot.test.autoconfigure.web.client.MockRestServiceServerResetTestExecutionListener@310e17d1, org.springframework.boot.test.autoconfigure.web.servlet.MockMvcPrintOnlyOnFailureTestExecutionListener@1af2594d, org.springframework.boot.test.autoconfigure.web.servlet.WebDriverTestExecutionListener@224d015a, org.springframework.boot.test.mock.mockito.ResetMocksTestExecutionListener@6a9ea090]
2023-02-22 14:11:03.932 DEBUG 6492 --- [    Test worker] i.g.b.webrtcss.socket.SignalHandler      : [ws] Message of join type from 4e2db596-1b6e-4931-8443-0725beff8012 received
2023-02-22 14:11:03.932 DEBUG 6492 --- [    Test worker] i.g.b.webrtcss.socket.SignalHandler      : [ws] 4e2db596-1b6e-4931-8443-0725beff8012 has joined Room: #1
2023-02-22 14:11:03.942 DEBUG 6492 --- [    Test worker] i.g.b.webrtcss.socket.SignalHandler      : [ws] Message of leave type from 4e2db596-1b6e-4931-8443-0725beff8012 received
2023-02-22 14:11:03.943 DEBUG 6492 --- [    Test worker] i.g.b.webrtcss.socket.SignalHandler      : [ws] 4e2db596-1b6e-4931-8443-0725beff8012 is going to leave Room: #1
2023-02-22 14:11:03.945 DEBUG 6492 --- [    Test worker] i.g.b.webrtcss.socket.SignalHandler      : [ws] Session has been closed with status CloseStatus[code=1000, reason=null]
]]></system-out>
  <system-err><![CDATA[]]></system-err>
</testsuite>
